<?xml version="1.0" encoding="UTF-8"?>
<!-- Generated by org.testng.reporters.JUnitReportReporter -->
<testsuite hostname="DESKTOP-738O39R" name="Practice1.Property_file" tests="1" failures="0" timestamp="19 Apr 2023 12:42:19 GMT" time="1.596" errors="0">
  <testcase name="validateLogin" time="1.596" classname="Practice1.Property_file"/>
</testsuite> <!-- Practice1.Property_file -->
